<?xml version="1.0" encoding="UTF-8"?>
<!-- Generated by org.testng.reporters.JUnitXMLReporter -->
<testsuite hostname="laptop-105" ignored="0" name="Free CRM App Test Cases" tests="7" failures="0" timestamp="05 Mar 2020 10:23:12 GMT" time="115.669" errors="0">
  <testcase name="kayakLogoImageTest" time="1.947" classname="com.crm.qa.testcases.FlightsPageTest"/>
  <testcase name="verifyHostelsPageLabel1" time="4.257" classname="com.crm.qa.testcases.HotelsPageTest"/>
  <testcase name="navigateToHotelsLinkTest" time="1.905" classname="com.crm.qa.testcases.FlightsPageTest"/>
  <testcase name="verifyOriginfieldPrasent" time="5.593" classname="com.crm.qa.testcases.HotelsPageTest"/>
  <testcase name="verifyStartDatefieldPrasent" time="3.942" classname="com.crm.qa.testcases.HotelsPageTest"/>
  <testcase name="verifyEndDatefieldPrasent" time="3.164" classname="com.crm.qa.testcases.HotelsPageTest"/>
  <testcase name="searchTest" time="22.653" classname="com.crm.qa.testcases.HotelsPageTest"/>
</testsuite> <!-- Free CRM App Test Cases -->
