<?xml version="1.0" encoding="UTF-8"?>
<!-- Generated by org.testng.reporters.JUnitXMLReporter -->
<testsuite hostname="laptop-105" ignored="0" name="kayak App Test Cases" tests="7" failures="0" timestamp="05 Mar 2020 10:41:34 GMT" time="133.408" errors="0">
  <testcase name="kayakLogoImageTest" time="2.623" classname="com.kayak.qa.testcases.FlightsPageTest"/>
  <testcase name="verifyHostelsPageLabel1" time="2.534" classname="com.kayak.qa.testcases.HotelsPageTest"/>
  <testcase name="navigateToHotelsLinkTest" time="4.417" classname="com.kayak.qa.testcases.FlightsPageTest"/>
  <testcase name="verifyOriginfieldPrasent" time="5.523" classname="com.kayak.qa.testcases.HotelsPageTest"/>
  <testcase name="verifyStartDatefieldPrasent" time="3.637" classname="com.kayak.qa.testcases.HotelsPageTest"/>
  <testcase name="verifyEndDatefieldPrasent" time="3.876" classname="com.kayak.qa.testcases.HotelsPageTest"/>
  <testcase name="searchHotelsDetailsTest" time="25.688" classname="com.kayak.qa.testcases.HotelsPageTest"/>
</testsuite> <!-- kayak App Test Cases -->
