<?xml version="1.0" encoding="UTF-8"?>
<!-- Generated by org.testng.reporters.JUnitXMLReporter -->
<testsuite hostname="laptop-105" ignored="4" name="Default test" tests="1" failures="0" timestamp="05 Mar 2020 10:26:18 GMT" time="36.52" errors="0">
  <testcase name="searchHotelsDetailsTest" time="25.369" classname="com.crm.qa.testcases.HotelsPageTest"/>
  <testcase name="verifyEndDatefieldPrasent" time="0.0" classname="com.crm.qa.testcases.HotelsPageTest">
    <ignored/>
  </testcase> <!-- verifyEndDatefieldPrasent -->
  <testcase name="verifyHostelsPageLabel1" time="0.0" classname="com.crm.qa.testcases.HotelsPageTest">
    <ignored/>
  </testcase> <!-- verifyHostelsPageLabel1 -->
  <testcase name="verifyStartDatefieldPrasent" time="0.0" classname="com.crm.qa.testcases.HotelsPageTest">
    <ignored/>
  </testcase> <!-- verifyStartDatefieldPrasent -->
  <testcase name="verifyOriginfieldPrasent" time="0.0" classname="com.crm.qa.testcases.HotelsPageTest">
    <ignored/>
  </testcase> <!-- verifyOriginfieldPrasent -->
</testsuite> <!-- Default test -->
